<?xml version="1.0" encoding="UTF-8"?>
<!-- Generated by org.testng.reporters.JUnitXMLReporter -->
<testsuite hostname="Akanksha-Bhagwananis-MacBook-Pro.local" name="Default test" tests="10" failures="0" timestamp="27 Sep 2015 09:55:51 GMT" time="18.42" errors="0">
  <testcase name="testNavigationToSignUpPage" time="3.512" classname="Test.SignUpRebtelTest"/>
  <testcase name="testFieldNamesOnSignUpPage" time="0.405" classname="Test.SignUpRebtelTest"/>
  <testcase name="testSignInLink" time="0.618" classname="Test.SignUpRebtelTest"/>
  <testcase name="testDynamicCountryCode" time="1.838" classname="Test.SignUpRebtelTest"/>
  <testcase name="testDynamicCountryCode" time="1.535" classname="Test.SignUpRebtelTest"/>
  <testcase name="testDynamicCountryCode" time="1.566" classname="Test.SignUpRebtelTest"/>
  <testcase name="testDynamicCountryCode" time="1.55" classname="Test.SignUpRebtelTest"/>
  <testcase name="testDynamicCountryCode" time="1.541" classname="Test.SignUpRebtelTest"/>
  <testcase name="testDynamicCountryCode" time="1.537" classname="Test.SignUpRebtelTest"/>
  <testcase name="testCompleteSignUp" time="1.259" classname="Test.SignUpRebtelTest"/>
</testsuite> <!-- Default test -->
